<?xml version="1.0" encoding="UTF-8"?>
<testng-results ignored="0" total="1" passed="1" failed="0" skipped="0">
  <reporter-output>
  </reporter-output>
  <suite started-at="2023-12-30T20:57:54 GMT-08:00" name="Default suite" finished-at="2023-12-30T20:57:57 GMT-08:00" duration-ms="3189">
    <groups>
    </groups>
    <test started-at="2023-12-30T20:57:54 GMT-08:00" name="Default test" finished-at="2023-12-30T20:57:57 GMT-08:00" duration-ms="3189">
      <class name="Pages.Beginner">
        <test-method signature="postTestWithPOJOClass()[pri:0, instance:Pages.Beginner@342c38f8]" started-at="2023-12-30T20:57:54 GMT-08:00" name="postTestWithPOJOClass" finished-at="2023-12-30T20:57:57 GMT-08:00" duration-ms="3143" status="PASS">
          <reporter-output>
          </reporter-output>
        </test-method> <!-- postTestWithPOJOClass -->
      </class> <!-- Pages.Beginner -->
    </test> <!-- Default test -->
  </suite> <!-- Default suite -->
</testng-results>
