<?xml version="1.0" encoding="UTF-8"?>
<testng-results ignored="0" total="1" passed="1" failed="0" skipped="0">
  <reporter-output>
  </reporter-output>
  <suite started-at="2023-12-31T21:47:19 IST" name="Default suite" finished-at="2023-12-31T21:47:21 IST" duration-ms="2573">
    <groups>
    </groups>
    <test started-at="2023-12-31T21:47:19 IST" name="Default test" finished-at="2023-12-31T21:47:21 IST" duration-ms="2573">
      <class name="Pages.Beginner">
        <test-method signature="headers()[pri:0, instance:Pages.Beginner@43dac38f]" started-at="2023-12-31T21:47:19 IST" name="headers" finished-at="2023-12-31T21:47:21 IST" duration-ms="2529" status="PASS">
          <reporter-output>
          </reporter-output>
        </test-method> <!-- headers -->
      </class> <!-- Pages.Beginner -->
    </test> <!-- Default test -->
  </suite> <!-- Default suite -->
</testng-results>
